This is pdfTeX, Version 3.14159265-2.6-1.40.20 (TeX Live 2019/Debian) (preloaded format=pdflatex 2022.2.24)  5 SEP 2022 21:15
entering extended mode
 restricted \write18 enabled.
 file:line:error style messages enabled.
 %&-line parsing enabled.
**/home/sigma/Lab/GP22-2/Quiz/Q4/Quiz4_20220907.tex
(/home/sigma/Lab/GP22-2/Quiz/Q4/Quiz4_20220907.tex
LaTeX2e <2020-02-02> patch level 2
L3 programming layer <2020-02-14> (/usr/share/texlive/texmf-dist/tex/latex/revtex4/revtex4.cls
Document Class: revtex4 2001/08/02 v4.0 (http://publish.aps.org/revtex4/ for documentation)
 Copyright (c) 2001 The American Physical Society.
 mailto:revtex@aps.org
 Licensed under the LPPL:
http://www.ctan.org/tex-archive/macros/latex/base/lppl.txt
 Arthur Ogawa <ogawa@teleport.com>
 Based on work by David Carlisle <david@dcarlisle.demon.co.uk>.
ltxutil: portions licensed from W. E. Baxter (web@superscript.com)
Class revtex4 Info: Repairing broken LateX \@sect on input line 596.
\intertabularlinepenalty=\count167
\@tbpen=\count168
\@arstrutbox@hline=\box45
Class revtex4 Info: Repairing broken LaTeX \@xbitor on input line 1610.
ltxgrid: portions licensed from W. E. Baxter (web@superscript.com)
\c@linecount=\count169
\output=\toks14
\@protection@box=\box46
\@topmark@saved=\toks15
\footins@saved=\box47
\pagesofar=\box48
\footbox=\box49
\pagegrid@col=\count170
Class revtex4 Info: Incorporating package {textcase}  [1998/11/12 v0.06 Text only upper/lower case changing (DPC)]. on input line 3682.
(/usr/share/texlive/texmf-dist/tex/latex/base/fleqn.clo
File: fleqn.clo 2016/12/29 v1.2b Standard LaTeX option (flush left equations)
\mathindent=\dimen134
Applying: [2015/01/01] Make \[ robust on input line 50.
LaTeX Info: Redefining \[ on input line 51.
Already applied: [0000/00/00] Make \[ robust on input line 62.
Applying: [2015/01/01] Make \] robust on input line 74.
LaTeX Info: Redefining \] on input line 75.
Already applied: [0000/00/00] Make \] robust on input line 83.
) (/usr/share/texlive/texmf-dist/tex/latex/url/url.sty
\Urlmuskip=\muskip16
Package: url 2013/09/16  ver 3.4  Verb mode for urls, etc.
)
\c@affil=\count171
\absbox=\box50
\c@part=\count172
\c@section=\count173
\c@subsection=\count174
\c@subsubsection=\count175
\c@paragraph=\count176
\c@subparagraph=\count177
\abovecaptionskip=\skip47
\belowcaptionskip=\skip48
\c@figure=\count178
\c@table=\count179
 (/usr/share/texlive/texmf-dist/tex/latex/natbib/natbib.sty
Package: natbib 2010/09/13 8.31b (PWD, AO)
\bibhang=\skip49
\bibsep=\skip50
LaTeX Info: Redefining \cite on input line 694.
\c@NAT@ctr=\count180
)
\widetext@top=\box51
\widetext@bot=\box52
 (/usr/share/texlive/texmf-dist/tex/latex/revtex4/revsymb.sty
Package: revsymb 2001/08/02 v4.0 (http://publish.aps.org/revtex4/ for documentation)
LaTeX Info: Redefining \REV@mathfrak on input line 118.
))

Class revtex4 Warning: No Society specified, using generic APS style.

(/usr/share/texlive/texmf-dist/tex/latex/revtex4/aps.rtx
File: aps.rtx 2001/08/02 v4.0 (http://publish.aps.org/revtex4/ for documentation)
) (/usr/share/texlive/texmf-dist/tex/latex/revtex4/10pt.rtx
File: 10pt.rtx 2001/08/02 v4.0 (http://publish.aps.org/revtex4/ for documentation)
) (/usr/share/texlive/texmf-dist/tex/latex/cjk-ko/kotex.sty
Package: kotex 2015/04/19 v1.6 Korean TeX (ko.TeX)
 (/usr/share/texlive/texmf-dist/tex/latex/kotex-utf/kotex.cfg) (/usr/share/texlive/texmf-dist/tex/latex/kotex-utf/kotexutf.sty
Package: kotexutf 2015/07/18 v2.1.1 typesetting UTF-8 Korean documents
 (/usr/share/texlive/texmf-dist/tex/latex/base/inputenc.sty
Package: inputenc 2018/08/11 v1.3c Input encoding file
\inpenc@prehook=\toks16
\inpenc@posthook=\toks17
) (/usr/share/texlive/texmf-dist/tex/plain/kotex-plain/kotexutf-core.tex
\unih@ngulpoint=\count181
\dhucs@emph@raise=\dimen135
)
Now handling font encoding LUC ...
... processing UTF-8 mapping file for font encoding LUC
 (/usr/share/texlive/texmf-dist/tex/latex/kotex-utf/lucenc.dfu
File: lucenc.dfu 2007/09/05 UTF-8 support for dhucs
   defining Unicode char U+00B7 (decimal 183)
   defining Unicode char U+2018 (decimal 8216)
   defining Unicode char U+2019 (decimal 8217)
   defining Unicode char U+201C (decimal 8220)
   defining Unicode char U+201D (decimal 8221)
   defining Unicode char U+3001 (decimal 12289)
   defining Unicode char U+3002 (decimal 12290)
   defining Unicode char U+3008 (decimal 12296)
   defining Unicode char U+3009 (decimal 12297)
   defining Unicode char U+300A (decimal 12298)
   defining Unicode char U+300B (decimal 12299)
   defining Unicode char U+300C (decimal 12300)
   defining Unicode char U+300D (decimal 12301)
   defining Unicode char U+300E (decimal 12302)
   defining Unicode char U+300F (decimal 12303)
   defining Unicode char U+3010 (decimal 12304)
   defining Unicode char U+3011 (decimal 12305)
   defining Unicode char U+3014 (decimal 12308)
   defining Unicode char U+3015 (decimal 12309)
   defining Unicode char U+3016 (decimal 12310)
   defining Unicode char U+3017 (decimal 12311)
   defining Unicode char U+3018 (decimal 12312)
   defining Unicode char U+3019 (decimal 12313)
   defining Unicode char U+301A (decimal 12314)
   defining Unicode char U+301B (decimal 12315)
   defining Unicode char U+FF01 (decimal 65281)
   defining Unicode char U+FF08 (decimal 65288)
   defining Unicode char U+FF09 (decimal 65289)
   defining Unicode char U+FF0C (decimal 65292)
   defining Unicode char U+FF0E (decimal 65294)
   defining Unicode char U+FF1A (decimal 65306)
   defining Unicode char U+FF1B (decimal 65307)
   defining Unicode char U+FF1C (decimal 65308)
   defining Unicode char U+FF1D (decimal 65309)
   defining Unicode char U+FF1E (decimal 65310)
   defining Unicode char U+FF1F (decimal 65311)
   defining Unicode char U+FF3B (decimal 65339)
   defining Unicode char U+FF3D (decimal 65341)
   defining Unicode char U+FF5B (decimal 65371)
   defining Unicode char U+FF5D (decimal 65373)
   defining Unicode char U+FF61 (decimal 65377)
   defining Unicode char U+FF62 (decimal 65378)
   defining Unicode char U+FF63 (decimal 65379)
   defining Unicode char U+FF64 (decimal 65380)
   defining Unicode char U+FF65 (decimal 65381)
)
\@josa=\count182
\josatoks=\toks18
 (/usr/share/texlive/texmf-dist/tex/latex/cjk-ko/kolabels-utf.sty
Package: kolabels-utf 2015/03/20 v1.5 UTF-8 Hangul item labels
))) (/usr/share/texlive/texmf-dist/tex/latex/kotex-utf/contrib/dhucs-interword.sty
Package: dhucs-interword 2009/03/15
 (/usr/share/texlive/texmf-dist/tex/latex/kotex-utf/dhucs.sty
Package: dhucs 2012/11/08 v5.3.2 typesetting UTF-8 Korean documents
)
\dimen@skip=\dimen136
 (/usr/share/texlive/texmf-dist/tex/latex/tools/verbatim.sty
Package: verbatim 2019/11/10 v1.5r LaTeX2e package for verbatim enhancements
\every@verbatim=\toks19
\verbatim@line=\toks20
\verbatim@in@stream=\read2
)
\ORIG@spaceskip=\skip51
) (/usr/share/texlive/texmf-dist/tex/latex/graphics/color.sty
Package: color 2019/11/23 v1.2a Standard LaTeX Color (DPC)
 (/usr/share/texlive/texmf-dist/tex/latex/graphics-cfg/color.cfg
File: color.cfg 2016/01/02 v1.6 sample color configuration
)
Package color Info: Driver file: dvips.def on input line 147.
 (/usr/share/texlive/texmf-dist/tex/latex/graphics-def/dvips.def
File: dvips.def 2017/06/20 v3.1d Graphics/color driver for dvips
) (/usr/share/texlive/texmf-dist/tex/latex/graphics/dvipsnam.def
File: dvipsnam.def 2016/06/17 v3.0m Driver-dependent file (DPC,SPQR)
)) (/usr/share/texlive/texmf-dist/tex/latex/graphics/graphicx.sty
Package: graphicx 2019/11/30 v1.2a Enhanced LaTeX Graphics (DPC,SPQR)
 (/usr/share/texlive/texmf-dist/tex/latex/graphics/keyval.sty
Package: keyval 2014/10/28 v1.15 key=value parser (DPC)
\KV@toks@=\toks21
) (/usr/share/texlive/texmf-dist/tex/latex/graphics/graphics.sty
Package: graphics 2019/11/30 v1.4a Standard LaTeX Graphics (DPC,SPQR)
 (/usr/share/texlive/texmf-dist/tex/latex/graphics/trig.sty
Package: trig 2016/01/03 v1.10 sin cos tan (DPC)
) (/usr/share/texlive/texmf-dist/tex/latex/graphics-cfg/graphics.cfg
File: graphics.cfg 2016/06/04 v1.11 sample graphics configuration
)
Package graphics Info: Driver file: pdftex.def on input line 105.
 (/usr/share/texlive/texmf-dist/tex/latex/graphics-def/pdftex.def
File: pdftex.def 2018/01/08 v1.0l Graphics/color driver for pdftex
))
\Gin@req@height=\dimen137
\Gin@req@width=\dimen138
) (/usr/share/texlive/texmf-dist/tex/latex/tools/bm.sty
Package: bm 2019/07/24 v1.2d Bold Symbol Support (DPC/FMi)
\symboldoperators=\mathgroup4
\symboldletters=\mathgroup5
\symboldsymbols=\mathgroup6
LaTeX Font Info:    Redeclaring math alphabet \mathbf on input line 141.
LaTeX Info: Redefining \bm on input line 209.
) (/home/sigma/Lab/GP22-2/Quiz/Q4/defcolor.sty
Package color Info: Redefining color white on input line 31.
Package color Info: Redefining color black on input line 32.
Package color Info: Redefining color blue on input line 74.
Package color Info: Redefining color cyan on input line 98.
Package color Info: Redefining color green on input line 124.
Package color Info: Redefining color yellow on input line 147.
Package color Info: Redefining color red on input line 185.
Package color Info: Redefining color magenta on input line 200.
) (/usr/share/texlive/texmf-dist/tex/latex/amsmath/amsmath.sty
Package: amsmath 2020/01/20 v2.17e AMS math features
\@mathmargin=\skip52

For additional information on amsmath, use the `?' option.
(/usr/share/texlive/texmf-dist/tex/latex/amsmath/amstext.sty
Package: amstext 2000/06/29 v2.01 AMS text
 (/usr/share/texlive/texmf-dist/tex/latex/amsmath/amsgen.sty
File: amsgen.sty 1999/11/30 v2.0 generic functions
\@emptytoks=\toks22
\ex@=\dimen139
)) (/usr/share/texlive/texmf-dist/tex/latex/amsmath/amsbsy.sty
Package: amsbsy 1999/11/29 v1.2d Bold Symbols
LaTeX Info: Redefining \boldsymbol on input line 28.
\pmbraise@=\dimen140
) (/usr/share/texlive/texmf-dist/tex/latex/amsmath/amsopn.sty
Package: amsopn 2016/03/08 v2.02 operator names
)
\inf@bad=\count183
LaTeX Info: Redefining \frac on input line 227.
\uproot@=\count184
\leftroot@=\count185
LaTeX Info: Redefining \overline on input line 389.
\classnum@=\count186
\DOTSCASE@=\count187
LaTeX Info: Redefining \ldots on input line 486.
LaTeX Info: Redefining \dots on input line 489.
LaTeX Info: Redefining \cdots on input line 610.
\Mathstrutbox@=\box53
\strutbox@=\box54
\big@size=\dimen141
LaTeX Font Info:    Redeclaring font encoding OML on input line 733.
LaTeX Font Info:    Redeclaring font encoding OMS on input line 734.
\macc@depth=\count188
\c@MaxMatrixCols=\count189
\dotsspace@=\muskip17
\c@parentequation=\count190
\dspbrk@lvl=\count191
\tag@help=\toks23
\row@=\count192
\column@=\count193
\maxfields@=\count194
\andhelp@=\toks24
\eqnshift@=\dimen142
\alignsep@=\dimen143
\tagshift@=\dimen144
\tagwidth@=\dimen145
\totwidth@=\dimen146
\lineht@=\dimen147
\@envbody=\toks25
\multlinegap=\skip53
\multlinetaggap=\skip54
\mathdisplay@stack=\toks26
LaTeX Info: Redefining \[ on input line 2859.
LaTeX Info: Redefining \] on input line 2860.
) (/usr/share/texlive/texmf-dist/tex/latex/amsfonts/amsfonts.sty
Package: amsfonts 2013/01/14 v3.01 Basic AMSFonts support
\symAMSa=\mathgroup7
\symAMSb=\mathgroup8
LaTeX Font Info:    Redeclaring math symbol \hbar on input line 98.
LaTeX Font Info:    Overwriting math alphabet `\mathfrak' in version `bold'
(Font)                  U/euf/m/n --> U/euf/b/n on input line 106.
LaTeX Info: Redefining \frak on input line 111.
LaTeX Info: Redefining \Bbb on input line 113.
) (/usr/share/texlive/texmf-dist/tex/latex/amsfonts/amssymb.sty
Package: amssymb 2013/01/14 v3.01 AMS font symbols
) (/usr/share/texlive/texmf-dist/tex/latex/amsmath/amscd.sty
Package: amscd 2017/04/14 v2.1 AMS Commutative Diagrams
\athelp@=\toks27
\minaw@=\dimen148
\bigaw@=\dimen149
\minCDarrowwidth=\dimen150
) (/usr/share/texlive/texmf-dist/tex/latex/amscls/amsthm.sty
Package: amsthm 2017/10/31 v2.20.4
\thm@style=\toks28
\thm@bodyfont=\toks29
\thm@headfont=\toks30
\thm@notefont=\toks31
\thm@headpunct=\toks32
\thm@preskip=\skip55
\thm@postskip=\skip56
\thm@headsep=\skip57
\dth@everypar=\toks33
) (/usr/share/texlive/texmf-dist/tex/latex/l3backend/l3backend-pdfmode.def
File: l3backend-pdfmode.def 2020-02-03 L3 backend support: PDF mode
\l__kernel_color_stack_int=\count195
\l__pdf_internal_box=\box55
) (/home/sigma/Lab/GP22-2/Quiz/Q4/Quiz4_20220907.aux)
\openout1 = `Quiz4_20220907.aux'.

LaTeX Font Info:    Checking defaults for OML/cmm/m/it on input line 21.
LaTeX Font Info:    ... okay on input line 21.
LaTeX Font Info:    Checking defaults for OMS/cmsy/m/n on input line 21.
LaTeX Font Info:    ... okay on input line 21.
LaTeX Font Info:    Checking defaults for OT1/cmr/m/n on input line 21.
LaTeX Font Info:    ... okay on input line 21.
LaTeX Font Info:    Checking defaults for T1/cmr/m/n on input line 21.
LaTeX Font Info:    ... okay on input line 21.
LaTeX Font Info:    Checking defaults for TS1/cmr/m/n on input line 21.
LaTeX Font Info:    ... okay on input line 21.
LaTeX Font Info:    Checking defaults for OMX/cmex/m/n on input line 21.
LaTeX Font Info:    ... okay on input line 21.
LaTeX Font Info:    Checking defaults for U/cmr/m/n on input line 21.
LaTeX Font Info:    ... okay on input line 21.
LaTeX Font Info:    Checking defaults for LUC/nanummj/m/n on input line 21.
LaTeX Font Info:    Trying to load font information for LUC+nanummj on input line 21.
 (/usr/share/texlive/texmf-dist/tex/latex/nanumtype1/lucnanummj.fd
File: lucnanummj.fd 2013/02/12 v0.1 Nanum Myeongjo font definitions
)
LaTeX Font Info:    ... okay on input line 21.
Class revtex4 Info: Unrecognized LaTeX tabular. Please update this document class! (Proceeding with fingers crossed.) on input line 21.
Class revtex4 Info: cite was not loaded (OK!) on input line 21.
Class revtex4 Info: multicol was not loaded (OK!) on input line 21.
 (/usr/share/texlive/texmf-dist/tex/context/base/mkii/supp-pdf.mkii
[Loading MPS to PDF converter (version 2006.09.02).]
\scratchcounter=\count196
\scratchdimen=\dimen151
\scratchbox=\box56
\nofMPsegments=\count197
\nofMParguments=\count198
\everyMPshowfont=\toks34
\MPscratchCnt=\count199
\MPscratchDim=\dimen152
\MPnumerator=\count266
\makeMPintoPDFobject=\count267
\everyMPtoPDFconversion=\toks35
) (/usr/share/texlive/texmf-dist/tex/latex/epstopdf-pkg/epstopdf-base.sty
Package: epstopdf-base 2020-01-24 v2.11 Base part for package epstopdf
Package epstopdf-base Info: Redefining graphics rule for `.eps' on input line 485.
 (/usr/share/texlive/texmf-dist/tex/latex/latexconfig/epstopdf-sys.cfg
File: epstopdf-sys.cfg 2010/07/13 v1.3 Configuration of (r)epstopdf for TeX Live
))
LaTeX Font Info:    Trying to load font information for U+msa on input line 31.
 (/usr/share/texlive/texmf-dist/tex/latex/amsfonts/umsa.fd
File: umsa.fd 2013/01/14 v3.01 AMS symbols A
)
LaTeX Font Info:    Trying to load font information for U+msb on input line 31.
 (/usr/share/texlive/texmf-dist/tex/latex/amsfonts/umsb.fd
File: umsb.fd 2013/01/14 v3.01 AMS symbols B
)
Underfull \hbox (badness 10000) in paragraph at lines 36--41

 []


Underfull \hbox (badness 10000) in paragraph at lines 36--41

 []

[1{/var/lib/texmf/fonts/map/pdftex/updmap/pdftex.map}] [2]
<qfig5-1.png, id=78, 244.915pt x 239.89626pt>
File: qfig5-1.png Graphic file (type png)
<use qfig5-1.png>
Package pdftex.def Info: qfig5-1.png  used on input line 66.
(pdftex.def)             Requested size: 146.95012pt x 143.93886pt.
 [3 </home/sigma/Lab/GP22-2/Quiz/Q4/qfig5-1.png>] [4]
<qfig5-2.png, id=88, 235.88126pt x 159.59625pt>
File: qfig5-2.png Graphic file (type png)
<use qfig5-2.png>
Package pdftex.def Info: qfig5-2.png  used on input line 84.
(pdftex.def)             Requested size: 141.52983pt x 95.75847pt.
 [5 </home/sigma/Lab/GP22-2/Quiz/Q4/qfig5-2.png>] [6] [7] [8] (/home/sigma/Lab/GP22-2/Quiz/Q4/Quiz4_20220907.aux) ) 
Here is how much of TeX's memory you used:
 5398 strings out of 481239
 73094 string characters out of 5920377
 335587 words of memory out of 5000000
 20503 multiletter control sequences out of 15000+600000
 566239 words of font info for 143 fonts, out of 8000000 for 9000
 1141 hyphenation exceptions out of 8191
 34i,9n,29p,262b,369s stack positions out of 5000i,500n,10000p,200000b,80000s
</usr/share/texlive/texmf-dist/fonts/type1/public/amsfonts/cm/cmbx10.pfb></usr/share/texlive/texmf-dist/fonts/type1/public/amsfonts/cm/cmbx12.pfb></usr/share/texlive/texmf-dist/fonts/type1/public/amsfonts/cm/cmbx9.pfb></usr/share/texlive/texmf-dist/fonts/type1/public/amsfonts/cm/cmmi10.pfb></usr/share/texlive/texmf-dist/fonts/type1/public/amsfonts/cm/cmr10.pfb></usr/share/texlive/texmf-dist/fonts/type1/public/amsfonts/cm/cmr7.pfb></usr/share/texlive/texmf-dist/fonts/type1/public/amsfonts/cm/cmr8.pfb></usr/share/texlive/texmf-dist/fonts/type1/public/amsfonts/cm/cmr9.pfb></usr/share/texlive/texmf-dist/fonts/type1/public/amsfonts/cm/cmsy10.pfb></usr/share/texlive/texmf-dist/fonts/type1/public/amsfonts/cm/cmsy6.pfb></usr/share/texlive/texmf-dist/fonts/type1/public/amsfonts/cm/cmsy7.pfb></usr/share/texlive/texmf-dist/fonts/type1/public/amsfonts/cm/cmsy8.pfb></usr/share/texlive/texmf-dist/fonts/type1/public/amsfonts/cm/cmti7.pfb></usr/share/texlive/texmf-dist/fonts/type1/public/amsfonts/cm/cmti9.pfb></usr/share/texlive/texmf-dist/fonts/type1/public/amsfonts/cm/cmtt8.pfb></usr/share/texlive/texmf-dist/fonts/type1/public/nanumtype1/nanummjbac.pfb></usr/share/texlive/texmf-dist/fonts/type1/public/nanumtype1/nanummjbae.pfb></usr/share/texlive/texmf-dist/fonts/type1/public/nanumtype1/nanummjbb0.pfb></usr/share/texlive/texmf-dist/fonts/type1/public/nanumtype1/nanummjbb1.pfb></usr/share/texlive/texmf-dist/fonts/type1/public/nanumtype1/nanummjbb2.pfb></usr/share/texlive/texmf-dist/fonts/type1/public/nanumtype1/nanummjbb3.pfb></usr/share/texlive/texmf-dist/fonts/type1/public/nanumtype1/nanummjbb4.pfb></usr/share/texlive/texmf-dist/fonts/type1/public/nanumtype1/nanummjbb8.pfb></usr/share/texlive/texmf-dist/fonts/type1/public/nanumtype1/nanummjbb9.pfb></usr/share/texlive/texmf-dist/fonts/type1/public/nanumtype1/nanummjbba.pfb></usr/share/texlive/texmf-dist/fonts/type1/public/nanumtype1/nanummjbbb.pfb></usr/share/texlive/texmf-dist/fonts/type1/public/nanumtype1/nanummjbbc.pfb></usr/share/texlive/texmf-dist/fonts/type1/public/nanumtype1/nanummjbbd.pfb></usr/share/texlive/texmf-dist/fonts/type1/public/nanumtype1/nanummjbc1.pfb></usr/share/texlive/texmf-dist/fonts/type1/public/nanumtype1/nanummjbc2.pfb></usr/share/texlive/texmf-dist/fonts/type1/public/nanumtype1/nanummjbc5.pfb></usr/share/texlive/texmf-dist/fonts/type1/public/nanumtype1/nanummjbc6.pfb></usr/share/texlive/texmf-dist/fonts/type1/public/nanumtype1/nanummjbc7.pfb></usr/share/texlive/texmf-dist/fonts/type1/public/nanumtype1/nanummjbc8.pfb></usr/share/texlive/texmf-dist/fonts/type1/public/nanumtype1/nanummjbc9.pfb></usr/share/texlive/texmf-dist/fonts/type1/public/nanumtype1/nanummjbd5.pfb></usr/share/texlive/texmf-dist/fonts/type1/public/nanumtype1/nanummjbd6.pfb></usr/share/texlive/texmf-dist/fonts/type1/public/nanumtype1/nanummjmac.pfb></usr/share/texlive/texmf-dist/fonts/type1/public/nanumtype1/nanummjmad.pfb></usr/share/texlive/texmf-dist/fonts/type1/public/nanumtype1/nanummjmae.pfb></usr/share/texlive/texmf-dist/fonts/type1/public/nanumtype1/nanummjmb0.pfb></usr/share/texlive/texmf-dist/fonts/type1/public/nanumtype1/nanummjmb1.pfb></usr/share/texlive/texmf-dist/fonts/type1/public/nanumtype1/nanummjmb2.pfb></usr/share/texlive/texmf-dist/fonts/type1/public/nanumtype1/nanummjmb3.pfb></usr/share/texlive/texmf-dist/fonts/type1/public/nanumtype1/nanummjmb4.pfb></usr/share/texlive/texmf-dist/fonts/type1/public/nanumtype1/nanummjmb5.pfb></usr/share/texlive/texmf-dist/fonts/type1/public/nanumtype1/nanummjmb7.pfb></usr/share/texlive/texmf-dist/fonts/type1/public/nanumtype1/nanummjmb8.pfb></usr/share/texlive/texmf-dist/fonts/type1/public/nanumtype1/nanummjmb9.pfb></usr/share/texlive/texmf-dist/fonts/type1/public/nanumtype1/nanummjmba.pfb></usr/share/texlive/texmf-dist/fonts/type1/public/nanumtype1/nanummjmbb.pfb></usr/share/texlive/texmf-dist/fonts/type1/public/nanumtype1/nanummjmbc.pfb></usr/share/texlive/texmf-dist/fonts/type1/public/nanumtype1/nanummjmbd.pfb></usr/share/texlive/texmf-dist/fonts/type1/public/nanumtype1/nanummjmc0.pfb></usr/share/texlive/texmf-dist/fonts/type1/public/nanumtype1/nanummjmc1.pfb></usr/share/texlive/texmf-dist/fonts/type1/public/nanumtype1/nanummjmc2.pfb></usr/share/texlive/texmf-dist/fonts/type1/public/nanumtype1/nanummjmc5.pfb></usr/share/texlive/texmf-dist/fonts/type1/public/nanumtype1/nanummjmc6.pfb></usr/share/texlive/texmf-dist/fonts/type1/public/nanumtype1/nanummjmc7.pfb></usr/share/texlive/texmf-dist/fonts/type1/public/nanumtype1/nanummjmc8.pfb></usr/share/texlive/texmf-dist/fonts/type1/public/nanumtype1/nanummjmc9.pfb></usr/share/texlive/texmf-dist/fonts/type1/public/nanumtype1/nanummjmca.pfb></usr/share/texlive/texmf-dist/fonts/type1/public/nanumtype1/nanummjmcc.pfb></usr/share/texlive/texmf-dist/fonts/type1/public/nanumtype1/nanummjmce.pfb></usr/share/texlive/texmf-dist/fonts/type1/public/nanumtype1/nanummjmd0.pfb></usr/share/texlive/texmf-dist/fonts/type1/public/nanumtype1/nanummjmd1.pfb></usr/share/texlive/texmf-dist/fonts/type1/public/nanumtype1/nanummjmd3.pfb></usr/share/texlive/texmf-dist/fonts/type1/public/nanumtype1/nanummjmd4.pfb></usr/share/texlive/texmf-dist/fonts/type1/public/nanumtype1/nanummjmd5.pfb></usr/share/texlive/texmf-dist/fonts/type1/public/nanumtype1/nanummjmd6.pfb></usr/share/texlive/texmf-dist/fonts/type1/public/nanumtype1/nanummjmd7.pfb>
Output written on /home/sigma/Lab/GP22-2/Quiz/Q4/Quiz4_20220907.pdf (8 pages, 2375829 bytes).
PDF statistics:
 322 PDF objects out of 1000 (max. 8388607)
 234 compressed objects within 3 object streams
 0 named destinations out of 1000 (max. 500000)
 11 words of extra memory for PDF output out of 10000 (max. 10000000)

